<?xml version="1.0" encoding="UTF-8"?>
<Site BuildName="(empty)"
	BuildStamp="20240528-2022-Experimental"
	Name="Marvin"
	Generator="ctest-3.25.1"
	CompilerName="/usr/bin/c++"
	CompilerVersion="9.4.0"
	OSName="Linux"
	Hostname="Marvin"
	OSRelease="5.15.0-107-generic"
	OSVersion="#117~20.04.1-Ubuntu SMP Tue Apr 30 10:35:57 UTC 2024"
	OSPlatform="x86_64"
	Is64Bits="1"
	VendorString="AuthenticAMD"
	VendorID="Advanced Micro Devices"
	FamilyID="23"
	ModelID="8"
	ProcessorCacheSize="512"
	NumberOfLogicalCPU="12"
	NumberOfPhysicalCPU="6"
	TotalVirtualMemory="2047"
	TotalPhysicalMemory="32009"
	LogicalProcessorsPerPhysical="2"
	ProcessorClockFrequency="2199.89"
	>
	<Testing>
		<StartDateTime>May 28 18:42 CDT</StartDateTime>
		<StartTestTime>1716939724</StartTestTime>
		<TestList/>
		<EndDateTime>May 28 18:42 CDT</EndDateTime>
		<EndTestTime>1716939724</EndTestTime>
		<ElapsedMinutes>0</ElapsedMinutes>
	</Testing>
</Site>
